app/build/outputs/logs/manifest-merger-debug-report.txt
-- Merging decision tree log ---
manifest
ADDED from src\main\AndroidManifest.xml:2:1-162:12
	package
		ADDED from src\main\AndroidManifest.xml:3:5-34
		INJECTED from src\main\AndroidManifest.xml
		INJECTED from src\main\AndroidManifest.xml
	android:versionName
		ADDED from src\main\AndroidManifest.xml:5:5-32
		INJECTED from src\main\AndroidManifest.xml
		INJECTED from src\main\AndroidManifest.xml
	android:versionCode
		ADDED from src\main\AndroidManifest.xml:4:5-29
		INJECTED from src\main\AndroidManifest.xml
		INJECTED from src\main\AndroidManifest.xml
	xmlns:android
		ADDED from src\main\AndroidManifest.xml:2:11-69
uses-sdk
ADDED from src\main\AndroidManifest.xml:7:5-9:41
MERGED from [com.android.support:support-v13:23.1.0] AndroidManifest.xml:20:5-44
MERGED from [com.google.android.gms:play-services:6.5.87] AndroidManifest.xml:18:5-42
MERGED from [com.android.support:support-v4:23.1.0] AndroidManifest.xml:20:5-43
MERGED from [com.isseiaoki:simplecropview:1.0.10] AndroidManifest.xml:7:5-9:41
	android:targetSdkVersion
		ADDED from src\main\AndroidManifest.xml:9:9-38
		INJECTED from src\main\AndroidManifest.xml
		INJECTED from src\main\AndroidManifest.xml
	android:minSdkVersion
		ADDED from src\main\AndroidManifest.xml:8:9-35
		INJECTED from src\main\AndroidManifest.xml
		INJECTED from src\main\AndroidManifest.xml
uses-permission#android.permission.INTERNET
ADDED from src\main\AndroidManifest.xml:11:5-67
	android:name
		ADDED from src\main\AndroidManifest.xml:11:22-64
uses-permission#android.permission.WAKE_LOCK
ADDED from src\main\AndroidManifest.xml:12:5-68
	android:name
		ADDED from src\main\AndroidManifest.xml:12:22-65
uses-permission#com.google.android.c2dm.permission.RECEIVE
ADDED from src\main\AndroidManifest.xml:13:5-82
	android:name
		ADDED from src\main\AndroidManifest.xml:13:22-79
uses-permission#android.permission.GET_ACCOUNTS
ADDED from src\main\AndroidManifest.xml:14:5-71
	android:name
		ADDED from src\main\AndroidManifest.xml:14:22-68
uses-permission#android.permission.RECEIVE_BOOT_COMPLETED
ADDED from src\main\AndroidManifest.xml:15:5-81
	android:name
		ADDED from src\main\AndroidManifest.xml:15:22-78
permission#com.dreambig.app4it.permission.C2D_MESSAGE
ADDED from src\main\AndroidManifest.xml:17:5-18:47
	android:protectionLevel
		ADDED from src\main\AndroidManifest.xml:18:9-44
	android:name
		ADDED from src\main\AndroidManifest.xml:17:17-74
uses-permission#com.dreambig.app4it.permission.C2D_MESSAGE
ADDED from src\main\AndroidManifest.xml:19:5-82
	android:name
		ADDED from src\main\AndroidManifest.xml:19:22-79
uses-permission#android.permission.READ_PHONE_STATE
ADDED from src\main\AndroidManifest.xml:20:5-75
	android:name
		ADDED from src\main\AndroidManifest.xml:20:22-72
uses-permission#android.permission.READ_CONTACTS
ADDED from src\main\AndroidManifest.xml:21:5-72
	android:name
		ADDED from src\main\AndroidManifest.xml:21:22-69
uses-permission#android.permission.VIBRATE
ADDED from src\main\AndroidManifest.xml:22:5-66
	android:name
		ADDED from src\main\AndroidManifest.xml:22:22-63
permission#com.example.googlemaps.permission.MAPS_RECEIVE
ADDED from src\main\AndroidManifest.xml:25:5-27:47
	android:protectionLevel
		ADDED from src\main\AndroidManifest.xml:27:9-44
	android:name
		ADDED from src\main\AndroidManifest.xml:26:9-70
uses-permission#com.example.googlemaps.permission.MAPS_RECEIVE
ADDED from src\main\AndroidManifest.xml:28:5-86
	android:name
		ADDED from src\main\AndroidManifest.xml:28:22-83
uses-permission#android.permission.ACCESS_NETWORK_STATE
ADDED from src\main\AndroidManifest.xml:29:5-79
	android:name
		ADDED from src\main\AndroidManifest.xml:29:22-76
uses-permission#com.google.android.providers.gsf.permission.READ_GSERVICES
ADDED from src\main\AndroidManifest.xml:30:5-98
	android:name
		ADDED from src\main\AndroidManifest.xml:30:22-95
uses-permission#android.permission.WRITE_EXTERNAL_STORAGE
ADDED from src\main\AndroidManifest.xml:31:5-81
	android:name
		ADDED from src\main\AndroidManifest.xml:31:22-78
uses-permission#android.permission.ACCESS_COARSE_LOCATION
ADDED from src\main\AndroidManifest.xml:32:5-81
	android:name
		ADDED from src\main\AndroidManifest.xml:32:22-78
uses-permission#android.permission.ACCESS_FINE_LOCATION
ADDED from src\main\AndroidManifest.xml:33:5-79
	android:name
		ADDED from src\main\AndroidManifest.xml:33:22-76
uses-feature#android.hardware.camera
ADDED from src\main\AndroidManifest.xml:36:5-85
	android:required
		ADDED from src\main\AndroidManifest.xml:36:58-82
	android:name
		ADDED from src\main\AndroidManifest.xml:36:19-57
application
ADDED from src\main\AndroidManifest.xml:38:5-160:19
MERGED from [com.android.support:support-v13:23.1.0] AndroidManifest.xml:22:5-20
MERGED from [com.google.android.gms:play-services:6.5.87] AndroidManifest.xml:20:5-24:19
MERGED from [com.android.support:support-v4:23.1.0] AndroidManifest.xml:22:5-20
MERGED from [com.isseiaoki:simplecropview:1.0.10] AndroidManifest.xml:11:5-12:19
	android:label
		ADDED from src\main\AndroidManifest.xml:41:9-41
	android:allowBackup
		ADDED from src\main\AndroidManifest.xml:39:9-35
	android:icon
		ADDED from src\main\AndroidManifest.xml:40:9-43
	android:theme
		ADDED from src\main\AndroidManifest.xml:42:9-40
	android:name
		ADDED from src\main\AndroidManifest.xml:43:9-61
meta-data#com.google.android.gms.version
ADDED from src\main\AndroidManifest.xml:45:9-46:69
MERGED from [com.google.android.gms:play-services:6.5.87] AndroidManifest.xml:21:9-23:69
	android:value
		ADDED from src\main\AndroidManifest.xml:46:13-66
	android:name
		ADDED from src\main\AndroidManifest.xml:45:20-65
meta-data#com.google.android.maps.v2.API_KEY
ADDED from src\main\AndroidManifest.xml:48:9-50:71
	android:value
		ADDED from src\main\AndroidManifest.xml:50:13-68
	android:name
		ADDED from src\main\AndroidManifest.xml:49:13-62
activity#com.dreambig.app4it.StartActivity
ADDED from src\main\AndroidManifest.xml:53:9-62:20
	android:label
		ADDED from src\main\AndroidManifest.xml:56:13-45
	android:alwaysRetainTaskState
		ADDED from src\main\AndroidManifest.xml:55:13-49
	android:name
		ADDED from src\main\AndroidManifest.xml:54:13-61
intent-filter#android.intent.action.MAIN+android.intent.category.LAUNCHER
ADDED from src\main\AndroidManifest.xml:57:13-61:29
action#android.intent.action.MAIN
ADDED from src\main\AndroidManifest.xml:58:17-69
	android:name
		ADDED from src\main\AndroidManifest.xml:58:25-66
category#android.intent.category.LAUNCHER
ADDED from src\main\AndroidManifest.xml:60:17-77
	android:name
		ADDED from src\main\AndroidManifest.xml:60:27-74
activity#com.dreambig.app4it.StartTwoActivity
ADDED from src\main\AndroidManifest.xml:63:9-66:20
	android:label
		ADDED from src\main\AndroidManifest.xml:65:13-45
	android:name
		ADDED from src\main\AndroidManifest.xml:64:13-64
activity#com.dreambig.app4it.HomeActivity
ADDED from src\main\AndroidManifest.xml:67:9-71:20
	android:label
		ADDED from src\main\AndroidManifest.xml:70:13-56
	android:alwaysRetainTaskState
		ADDED from src\main\AndroidManifest.xml:69:13-49
	android:name
		ADDED from src\main\AndroidManifest.xml:68:13-60
activity#com.dreambig.app4it.ContactsActivity
ADDED from src\main\AndroidManifest.xml:72:9-75:20
	android:label
		ADDED from src\main\AndroidManifest.xml:74:13-60
	android:name
		ADDED from src\main\AndroidManifest.xml:73:13-64
activity#com.dreambig.app4it.FilterActivity
ADDED from src\main\AndroidManifest.xml:76:9-79:20
	android:label
		ADDED from src\main\AndroidManifest.xml:78:13-58
	android:name
		ADDED from src\main\AndroidManifest.xml:77:13-62
activity#com.dreambig.app4it.NewActivityActivity
ADDED from src\main\AndroidManifest.xml:80:9-84:20
	android:label
		ADDED from src\main\AndroidManifest.xml:82:13-64
	android:windowSoftInputMode
		ADDED from src\main\AndroidManifest.xml:83:13-67
	android:name
		ADDED from src\main\AndroidManifest.xml:81:13-67
activity#com.dreambig.app4it.InviteActivity
ADDED from src\main\AndroidManifest.xml:85:9-88:20
	android:label
		ADDED from src\main\AndroidManifest.xml:87:13-58
	android:name
		ADDED from src\main\AndroidManifest.xml:86:13-62
activity#com.dreambig.app4it.MapReadActivity
ADDED from src\main\AndroidManifest.xml:89:9-92:20
	android:label
		ADDED from src\main\AndroidManifest.xml:91:13-51
	android:name
		ADDED from src\main\AndroidManifest.xml:90:13-63
activity#com.dreambig.app4it.MapWriteActivity
ADDED from src\main\AndroidManifest.xml:93:9-96:20
	android:label
		ADDED from src\main\AndroidManifest.xml:95:13-52
	android:name
		ADDED from src\main\AndroidManifest.xml:94:13-64
activity#com.dreambig.app4it.MyProfileActivity
ADDED from src\main\AndroidManifest.xml:97:9-100:20
	android:label
		ADDED from src\main\AndroidManifest.xml:99:13-53
	android:name
		ADDED from src\main\AndroidManifest.xml:98:13-65
activity#com.dreambig.app4it.TheirProfileActivity
ADDED from src\main\AndroidManifest.xml:101:9-104:20
	android:label
		ADDED from src\main\AndroidManifest.xml:103:13-56
	android:name
		ADDED from src\main\AndroidManifest.xml:102:13-68
activity#com.dreambig.app4it.CropActivity
ADDED from src\main\AndroidManifest.xml:105:9-108:20
	android:label
		ADDED from src\main\AndroidManifest.xml:107:13-47
	android:name
		ADDED from src\main\AndroidManifest.xml:106:13-60
activity#com.dreambig.app4it.SuggestActivity
ADDED from src\main\AndroidManifest.xml:109:9-113:20
	android:label
		ADDED from src\main\AndroidManifest.xml:111:13-59
	android:windowSoftInputMode
		ADDED from src\main\AndroidManifest.xml:112:13-67
	android:name
		ADDED from src\main\AndroidManifest.xml:110:13-63
activity#com.dreambig.app4it.EditActivityActivity
ADDED from src\main\AndroidManifest.xml:115:9-119:20
	android:label
		ADDED from src\main\AndroidManifest.xml:117:13-65
	android:windowSoftInputMode
		ADDED from src\main\AndroidManifest.xml:118:13-67
	android:name
		ADDED from src\main\AndroidManifest.xml:116:13-68
activity#com.dreambig.app4it.CommentsActivity
ADDED from src\main\AndroidManifest.xml:121:9-125:20
	android:label
		ADDED from src\main\AndroidManifest.xml:123:13-60
	android:windowSoftInputMode
		ADDED from src\main\AndroidManifest.xml:124:13-67
	android:name
		ADDED from src\main\AndroidManifest.xml:122:13-64
provider#com.dreambig.app4it.contentprovider.DataProvider
ADDED from src\main\AndroidManifest.xml:127:9-131:39
	android:authorities
		ADDED from src\main\AndroidManifest.xml:129:13-63
	android:syncable
		ADDED from src\main\AndroidManifest.xml:131:13-36
	android:exported
		ADDED from src\main\AndroidManifest.xml:130:13-37
	android:name
		ADDED from src\main\AndroidManifest.xml:128:13-76
receiver#com.dreambig.app4it.receiver.GcmBroadcastReceiver
ADDED from src\main\AndroidManifest.xml:133:9-141:20
	android:permission
		ADDED from src\main\AndroidManifest.xml:135:13-73
	android:name
		ADDED from src\main\AndroidManifest.xml:134:13-77
intent-filter#com.dreambig.app4it+com.google.android.c2dm.intent.RECEIVE+com.google.android.c2dm.intent.REGISTRATION
ADDED from src\main\AndroidManifest.xml:136:13-140:29
action#com.google.android.c2dm.intent.RECEIVE
ADDED from src\main\AndroidManifest.xml:137:17-81
	android:name
		ADDED from src\main\AndroidManifest.xml:137:25-78
action#com.google.android.c2dm.intent.REGISTRATION
ADDED from src\main\AndroidManifest.xml:138:17-86
	android:name
		ADDED from src\main\AndroidManifest.xml:138:25-83
category#com.dreambig.app4it
ADDED from src\main\AndroidManifest.xml:139:17-64
	android:name
		ADDED from src\main\AndroidManifest.xml:139:27-61
receiver#com.dreambig.app4it.receiver.AppUpdateReceiver
ADDED from src\main\AndroidManifest.xml:143:9-147:20
	android:name
		ADDED from src\main\AndroidManifest.xml:143:19-80
intent-filter#android.intent.action.MY_PACKAGE_REPLACED
ADDED from src\main\AndroidManifest.xml:144:13-146:29
action#android.intent.action.MY_PACKAGE_REPLACED
ADDED from src\main\AndroidManifest.xml:145:17-84
	android:name
		ADDED from src\main\AndroidManifest.xml:145:25-81
receiver#com.dreambig.app4it.receiver.BootCompleteReceiver
ADDED from src\main\AndroidManifest.xml:149:9-153:20
	android:name
		ADDED from src\main\AndroidManifest.xml:149:19-83
intent-filter#android.intent.action.BOOT_COMPLETED
ADDED from src\main\AndroidManifest.xml:150:13-152:29
action#android.intent.action.BOOT_COMPLETED
ADDED from src\main\AndroidManifest.xml:151:17-79
	android:name
		ADDED from src\main\AndroidManifest.xml:151:25-76
service#com.dreambig.app4it.service.GcmIntentService
ADDED from src\main\AndroidManifest.xml:155:9-80
	android:name
		ADDED from src\main\AndroidManifest.xml:155:18-77
service#com.dreambig.app4it.service.HomeBaseService
ADDED from src\main\AndroidManifest.xml:156:9-79
	android:name
		ADDED from src\main\AndroidManifest.xml:156:18-76
service#com.dreambig.app4it.service.HomeBaseTwoService
ADDED from src\main\AndroidManifest.xml:157:9-82
	android:name
		ADDED from src\main\AndroidManifest.xml:157:18-79